c:\users\daniel\desktop\projects\chili directx framework\chili framework 2016\engine\release\graphics.obj
c:\users\daniel\desktop\projects\chili directx framework\chili framework 2016\engine\release\game.obj
c:\users\daniel\desktop\projects\chili directx framework\chili framework 2016\engine\release\keyboard.obj
c:\users\daniel\desktop\projects\chili directx framework\chili framework 2016\engine\release\crosshair.obj
c:\users\daniel\desktop\projects\chili directx framework\chili framework 2016\engine\release\main.obj
c:\users\daniel\desktop\projects\chili directx framework\chili framework 2016\engine\release\mouse.obj
c:\users\daniel\desktop\projects\chili directx framework\chili framework 2016\engine\release\mainwindow.obj
c:\users\daniel\desktop\projects\chili directx framework\chili framework 2016\engine\release\dxerr.obj
c:\users\daniel\desktop\projects\chili directx framework\chili framework 2016\engine\release\vc142.pdb
c:\users\daniel\desktop\projects\chili directx framework\chili framework 2016\release\engine.ipdb
c:\users\daniel\desktop\projects\chili directx framework\chili framework 2016\release\engine.iobj
c:\users\daniel\desktop\projects\chili directx framework\chili framework 2016\engine\framebufferps.shh
c:\users\daniel\desktop\projects\chili directx framework\chili framework 2016\engine\framebuffervs.shh
c:\users\daniel\desktop\projects\chili directx framework\chili framework 2016\release\engine.exe
c:\users\daniel\desktop\projects\chili directx framework\chili framework 2016\release\engine.pdb
c:\users\daniel\desktop\projects\chili directx framework\chili framework 2016\engine\release\resource.res
c:\users\daniel\desktop\projects\chili directx framework\chili framework 2016\engine\release\engine.tlog\cl.command.1.tlog
c:\users\daniel\desktop\projects\chili directx framework\chili framework 2016\engine\release\engine.tlog\cl.read.1.tlog
c:\users\daniel\desktop\projects\chili directx framework\chili framework 2016\engine\release\engine.tlog\cl.write.1.tlog
c:\users\daniel\desktop\projects\chili directx framework\chili framework 2016\engine\release\engine.tlog\engine.write.1u.tlog
c:\users\daniel\desktop\projects\chili directx framework\chili framework 2016\engine\release\engine.tlog\fxc.command.1.tlog
c:\users\daniel\desktop\projects\chili directx framework\chili framework 2016\engine\release\engine.tlog\fxc.read.1.tlog
c:\users\daniel\desktop\projects\chili directx framework\chili framework 2016\engine\release\engine.tlog\fxc.write.1.tlog
c:\users\daniel\desktop\projects\chili directx framework\chili framework 2016\engine\release\engine.tlog\link.command.1.tlog
c:\users\daniel\desktop\projects\chili directx framework\chili framework 2016\engine\release\engine.tlog\link.read.1.tlog
c:\users\daniel\desktop\projects\chili directx framework\chili framework 2016\engine\release\engine.tlog\link.write.1.tlog
c:\users\daniel\desktop\projects\chili directx framework\chili framework 2016\engine\release\engine.tlog\rc.command.1.tlog
c:\users\daniel\desktop\projects\chili directx framework\chili framework 2016\engine\release\engine.tlog\rc.read.1.tlog
c:\users\daniel\desktop\projects\chili directx framework\chili framework 2016\engine\release\engine.tlog\rc.write.1.tlog
